<?xml version="1.0" encoding="UTF-8"?>
<robot generator="Robot 5.0.1 (Python 3.10.7 on win32)" generated="20221215 11:12:10.918" rpa="false" schemaversion="3">
<suite id="s1" name="Categorias" source="C:\Users\junin\Desktop\portifolio_testes\e-commerce newpecas\funcionalidades\Categorias">
<suite id="s1-s1" name="Teste automatizado" source="C:\Users\junin\Desktop\portifolio_testes\e-commerce newpecas\funcionalidades\Categorias\Teste automatizado">
<suite id="s1-s1-s1" name="CT 002" source="C:\Users\junin\Desktop\portifolio_testes\e-commerce newpecas\funcionalidades\Categorias\Teste automatizado\CT_002.robot">
<kw name="Setup chromedriver" type="SETUP">
<kw name="Append To Environment Variable" library="OperatingSystem">
<arg>PATH</arg>
<arg>${EXECDIR}/SeleniumDrivers</arg>
<doc>Appends given ``values`` to environment variable ``name``.</doc>
<msg timestamp="20221215 11:12:11.476" level="INFO">Environment variable 'PATH' set to value 'C:\Program Files (x86)\Intel\iCLS Client\;C:\Program Files\Intel\iCLS Client\;C:\WINDOWS\system32;C:\WINDOWS;C:\WINDOWS\System32\Wbem;C:\WINDOWS\System32\WindowsPowerShell\v1.0\;C:\Program Files (x86)\Intel\Intel(R) Management Engine Components\DAL;C:\Program Files\Intel\Intel(R) Management Engine Components\DAL;C:\Program Files (x86)\Intel\Intel(R) Management Engine Components\IPT;C:\Program Files\Intel\Intel(R) Management Engine Components\IPT;C:\WINDOWS\System32\OpenSSH\;C:\Program Files\dotnet\;C:\Program Files\Git\cmd;C:\Users\junin\AppData\Local\Programs\Python\Python310\Scripts\;C:\Users\junin\AppData\Local\Programs\Python\Python310\;C:\Program Files\MySQL\MySQL Shell 8.0\bin\;C:\Users\junin\AppData\Local\Microsoft\WindowsApps;C:\Users\junin\AppData\Local\Programs\Microsoft VS Code\bin;C:\Users\junin\AppData\Local\Programs\Hyper\resources\bin;;C:\Users\junin\Desktop\portifolio_testes\e-commerce newpecas\funcionalidades\Categorias/SeleniumDrivers'.</msg>
<status status="PASS" starttime="20221215 11:12:11.475" endtime="20221215 11:12:11.476"/>
</kw>
<status status="PASS" starttime="20221215 11:12:11.475" endtime="20221215 11:12:11.476"/>
</kw>
<test id="s1-s1-s1-t1" name="CT_002 - Consultar sessÃ£o de teclas variadas" line="48">
<kw name="Abrir o navegador" type="SETUP">
<kw name="Open Browser" library="SeleniumLibrary">
<arg>${URL}</arg>
<arg>${BROWSER}</arg>
<doc>Opens a new browser instance to the optional ``url``.</doc>
<msg timestamp="20221215 11:12:11.481" level="INFO">Opening browser 'chrome' to base url 'https://www.newpecas.com.br'.</msg>
<msg timestamp="20221215 11:12:11.694" level="INFO">Cannot capture screenshot because no browser is open.</msg>
<msg timestamp="20221215 11:12:11.695" level="FAIL">WebDriverException: Message: 'chromedriver' executable needs to be in PATH. Please see https://chromedriver.chromium.org/home
</msg>
<status status="FAIL" starttime="20221215 11:12:11.480" endtime="20221215 11:12:11.702"/>
</kw>
<kw name="Maximize Browser Window" library="SeleniumLibrary">
<doc>Maximizes current browser window.</doc>
<status status="NOT RUN" starttime="20221215 11:12:11.703" endtime="20221215 11:12:11.703"/>
</kw>
<status status="FAIL" starttime="20221215 11:12:11.479" endtime="20221215 11:12:11.704"/>
</kw>
<kw name="Fechar o navegador" type="TEARDOWN">
<kw name="Close Browser" library="SeleniumLibrary">
<doc>Closes the current browser.</doc>
<status status="PASS" starttime="20221215 11:12:11.707" endtime="20221215 11:12:11.707"/>
</kw>
<status status="PASS" starttime="20221215 11:12:11.706" endtime="20221215 11:12:11.707"/>
</kw>
<status status="FAIL" starttime="20221215 11:12:11.477" endtime="20221215 11:12:11.708">Setup failed:
WebDriverException: Message: 'chromedriver' executable needs to be in PATH. Please see https://chromedriver.chromium.org/home
</status>
</test>
<status status="FAIL" starttime="20221215 11:12:10.977" endtime="20221215 11:12:11.711"/>
</suite>
<status status="FAIL" starttime="20221215 11:12:10.970" endtime="20221215 11:12:11.716"/>
</suite>
<status status="FAIL" starttime="20221215 11:12:10.923" endtime="20221215 11:12:11.720"/>
</suite>
<statistics>
<total>
<stat pass="0" fail="1" skip="0">All Tests</stat>
</total>
<tag>
</tag>
<suite>
<stat pass="0" fail="1" skip="0" id="s1" name="Categorias">Categorias</stat>
<stat pass="0" fail="1" skip="0" id="s1-s1" name="Teste automatizado">Categorias.Teste automatizado</stat>
<stat pass="0" fail="1" skip="0" id="s1-s1-s1" name="CT 002">Categorias.Teste automatizado.CT 002</stat>
</suite>
</statistics>
<errors>
</errors>
</robot>
